<?xml version="1.0" encoding="UTF-8"?>
<testng-results ignored="0" total="5" passed="5" failed="0" skipped="0">
  <reporter-output>
  </reporter-output>
  <suite started-at="2024-03-25T13:47:50 EET" name="Surefire suite" finished-at="2024-03-25T13:47:50 EET" duration-ms="63">
    <groups>
    </groups>
    <test started-at="2024-03-25T13:47:50 EET" name="Surefire test" finished-at="2024-03-25T13:47:50 EET" duration-ms="63">
      <class name="logic.LogicImplTest">
        <test-method is-config="true" signature="beforeClass()[pri:0, instance:logic.LogicImplTest@5e4c8041]" started-at="2024-03-25T13:47:50 EET" name="beforeClass" finished-at="2024-03-25T13:47:50 EET" duration-ms="13" status="PASS">
          <reporter-output>
          </reporter-output>
        </test-method> <!-- beforeClass -->
        <test-method is-config="true" signature="beforeMethod()[pri:0, instance:logic.LogicImplTest@5e4c8041]" started-at="2024-03-25T13:47:50 EET" name="beforeMethod" finished-at="2024-03-25T13:47:50 EET" duration-ms="1" status="PASS">
          <reporter-output>
          </reporter-output>
        </test-method> <!-- beforeMethod -->
        <test-method signature="checkAllPriceMore()[pri:0, instance:logic.LogicImplTest@5e4c8041]" started-at="2024-03-25T13:47:50 EET" name="checkAllPriceMore" finished-at="2024-03-25T13:47:50 EET" duration-ms="5" status="PASS">
          <reporter-output>
          </reporter-output>
        </test-method> <!-- checkAllPriceMore -->
        <test-method is-config="true" signature="AfterMethod()[pri:0, instance:logic.LogicImplTest@5e4c8041]" started-at="2024-03-25T13:47:50 EET" name="AfterMethod" finished-at="2024-03-25T13:47:50 EET" duration-ms="1" status="PASS">
          <reporter-output>
          </reporter-output>
        </test-method> <!-- AfterMethod -->
        <test-method signature="checkCount()[pri:0, instance:logic.LogicImplTest@5e4c8041]" started-at="2024-03-25T13:47:50 EET" name="checkCount" finished-at="2024-03-25T13:47:50 EET" duration-ms="0" status="PASS">
          <reporter-output>
          </reporter-output>
        </test-method> <!-- checkCount -->
        <test-method is-config="true" signature="beforeMethod()[pri:0, instance:logic.LogicImplTest@5e4c8041]" started-at="2024-03-25T13:47:50 EET" name="beforeMethod" finished-at="2024-03-25T13:47:50 EET" duration-ms="0" status="PASS">
          <reporter-output>
          </reporter-output>
        </test-method> <!-- beforeMethod -->
        <test-method is-config="true" signature="AfterMethod()[pri:0, instance:logic.LogicImplTest@5e4c8041]" started-at="2024-03-25T13:47:50 EET" name="AfterMethod" finished-at="2024-03-25T13:47:50 EET" duration-ms="0" status="PASS">
          <reporter-output>
          </reporter-output>
        </test-method> <!-- AfterMethod -->
        <test-method is-config="true" signature="beforeMethod()[pri:0, instance:logic.LogicImplTest@5e4c8041]" started-at="2024-03-25T13:47:50 EET" name="beforeMethod" finished-at="2024-03-25T13:47:50 EET" duration-ms="0" status="PASS">
          <reporter-output>
          </reporter-output>
        </test-method> <!-- beforeMethod -->
        <test-method signature="testGetAllPriceLess()[pri:0, instance:logic.LogicImplTest@5e4c8041]" started-at="2024-03-25T13:47:50 EET" name="testGetAllPriceLess" finished-at="2024-03-25T13:47:50 EET" duration-ms="0" status="PASS">
          <reporter-output>
          </reporter-output>
        </test-method> <!-- testGetAllPriceLess -->
        <test-method is-config="true" signature="AfterMethod()[pri:0, instance:logic.LogicImplTest@5e4c8041]" started-at="2024-03-25T13:47:50 EET" name="AfterMethod" finished-at="2024-03-25T13:47:50 EET" duration-ms="0" status="PASS">
          <reporter-output>
          </reporter-output>
        </test-method> <!-- AfterMethod -->
        <test-method signature="testGetByNumber()[pri:0, instance:logic.LogicImplTest@5e4c8041]" started-at="2024-03-25T13:47:50 EET" name="testGetByNumber" finished-at="2024-03-25T13:47:50 EET" duration-ms="1" status="PASS">
          <reporter-output>
          </reporter-output>
        </test-method> <!-- testGetByNumber -->
        <test-method is-config="true" signature="beforeMethod()[pri:0, instance:logic.LogicImplTest@5e4c8041]" started-at="2024-03-25T13:47:50 EET" name="beforeMethod" finished-at="2024-03-25T13:47:50 EET" duration-ms="0" status="PASS">
          <reporter-output>
          </reporter-output>
        </test-method> <!-- beforeMethod -->
        <test-method is-config="true" signature="AfterMethod()[pri:0, instance:logic.LogicImplTest@5e4c8041]" started-at="2024-03-25T13:47:50 EET" name="AfterMethod" finished-at="2024-03-25T13:47:50 EET" duration-ms="1" status="PASS">
          <reporter-output>
          </reporter-output>
        </test-method> <!-- AfterMethod -->
        <test-method signature="testRemoveAll()[pri:0, instance:logic.LogicImplTest@5e4c8041]" started-at="2024-03-25T13:47:50 EET" name="testRemoveAll" finished-at="2024-03-25T13:47:50 EET" duration-ms="0" status="PASS">
          <reporter-output>
          </reporter-output>
        </test-method> <!-- testRemoveAll -->
        <test-method is-config="true" signature="beforeMethod()[pri:0, instance:logic.LogicImplTest@5e4c8041]" started-at="2024-03-25T13:47:50 EET" name="beforeMethod" finished-at="2024-03-25T13:47:50 EET" duration-ms="0" status="PASS">
          <reporter-output>
          </reporter-output>
        </test-method> <!-- beforeMethod -->
        <test-method is-config="true" signature="AfterMethod()[pri:0, instance:logic.LogicImplTest@5e4c8041]" started-at="2024-03-25T13:47:50 EET" name="AfterMethod" finished-at="2024-03-25T13:47:50 EET" duration-ms="0" status="PASS">
          <reporter-output>
          </reporter-output>
        </test-method> <!-- AfterMethod -->
      </class> <!-- logic.LogicImplTest -->
    </test> <!-- Surefire test -->
  </suite> <!-- Surefire suite -->
</testng-results>
