<?xml version="1.0" encoding="UTF-8"?>
<testsuite xmlns:xsi="http://www.w3.org/2001/XMLSchema-instance" xsi:noNamespaceSchemaLocation="https://maven.apache.org/surefire/maven-surefire-plugin/xsd/surefire-test-report-3.0.xsd" version="3.0" name="logic.LogicImplTest" time="0.448" tests="5" errors="0" skipped="0" failures="0">
  <properties>
[...]
</properties>
  <testcase name="checkAllPriceMore" classname="logic.LogicImplTest" time="0.006">
    <system-err><![CDATA[SLF4J: Failed to load class "org.slf4j.impl.StaticLoggerBinder".
SLF4J: Defaulting to no-operation (NOP) logger implementation
SLF4J: See http://www.slf4j.org/codes.html#StaticLoggerBinder for further details.
]]></system-err>
  </testcase>
  <testcase name="checkCount" classname="logic.LogicImplTest" time="0.0"/>
  <testcase name="testGetAllPriceLess" classname="logic.LogicImplTest" time="0.0"/>
  <testcase name="testGetByNumber" classname="logic.LogicImplTest" time="0.0"/>
  <testcase name="testRemoveAll" classname="logic.LogicImplTest" time="0.0"/>
</testsuite>