<?xml version="1.0" encoding="UTF-8"?>
<!-- Generated by org.testng.reporters.JUnitXMLReporter -->
<testsuite ignored="0" hostname="Rochi-Desktop" failures="0" tests="5" name="Surefire test" time="0.063" errors="0" timestamp="2024-03-25T13:47:50 EET">
  <testcase classname="logic.LogicImplTest" name="checkAllPriceMore" time="0.005"/>
  <testcase classname="logic.LogicImplTest" name="checkCount" time="0.0"/>
  <testcase classname="logic.LogicImplTest" name="testGetAllPriceLess" time="0.0"/>
  <testcase classname="logic.LogicImplTest" name="testGetByNumber" time="0.001"/>
  <testcase classname="logic.LogicImplTest" name="testRemoveAll" time="0.0"/>
</testsuite> <!-- Surefire test -->
